C51 COMPILER V9.01   MAIN                                                                  11/17/2016 08:51:02 PAGE 1   


C51 COMPILER V9.01, COMPILATION OF MODULE MAIN
OBJECT MODULE PLACED IN main.OBJ
COMPILER INVOKED BY: E:\keil1\C51\BIN\C51.EXE main.c BROWSE DEBUG OBJECTEXTEND

line level    source

   1          /**************************************************************************************
   2          *                             8*8LED点阵―――点亮一个点实验                                                                                              *
   3          实现现象：下载程序后点阵左上角第一个点点亮
   4                                  
   5          注意事项：一定要将74HC595模块上的JP595短接片短接，并且将JOE短接片短接到GND端。                                                                                                                                                            
   6          ***************************************************************************************/
   7          
   8          #include "reg51.h"                       //此文件中定义了单片机的一些特殊功能寄存器
   9          #include<intrins.h>
  10          
  11          typedef unsigned int u16;         //对数据类型进行声明定义
  12          typedef unsigned char u8;
  13          
  14          sbit SRCLK=P3^6;
  15          sbit RCLK=P3^5;
  16          sbit SER=P3^4;
  17          
  18          
  19          /*******************************************************************************
  20          * 函数名         : Hc595SendByte(u8 dat)
  21          * 函数功能                 : 向74HC595发送一个字节的数据
  22          * 输入           : 无
  23          * 输出           : 无
  24          *******************************************************************************/
  25          void Hc595SendByte(u8 dat)
  26          {
  27   1              u8 a;
  28   1              SRCLK=0;
  29   1              RCLK=0;
  30   1              for(a=0;a<8;a++)
  31   1              {
  32   2                      SER=dat>>7;
  33   2                      dat<<=1;
  34   2      
  35   2                      SRCLK=1;
  36   2                      _nop_();
  37   2                      _nop_();
  38   2                      SRCLK=0;        
  39   2              }
  40   1      
  41   1              RCLK=1;
  42   1              _nop_();
  43   1              _nop_();
  44   1              RCLK=0;
  45   1      }
  46          
  47          /*******************************************************************************
  48          * 函 数 名       : main
  49          * 函数功能               : 主函数
  50          * 输    入       : 无
  51          * 输    出       : 无
  52          *******************************************************************************/
  53          void main()
  54          {               
  55   1              Hc595SendByte(0x80);
C51 COMPILER V9.01   MAIN                                                                  11/17/2016 08:51:02 PAGE 2   

  56   1              P0=0x7f;
  57   1              while(1);               
  58   1      }


MODULE INFORMATION:   STATIC OVERLAYABLE
   CODE SIZE        =     48    ----
   CONSTANT SIZE    =   ----    ----
   XDATA SIZE       =   ----    ----
   PDATA SIZE       =   ----    ----
   DATA SIZE        =   ----    ----
   IDATA SIZE       =   ----    ----
   BIT SIZE         =   ----    ----
END OF MODULE INFORMATION.


C51 COMPILATION COMPLETE.  0 WARNING(S),  0 ERROR(S)
