C51 COMPILER V9.59.0.0   MAIN                                                              05/10/2019 20:02:38 PAGE 1   


C51 COMPILER V9.59.0.0, COMPILATION OF MODULE MAIN
OBJECT MODULE PLACED IN .\Objects\main.obj
COMPILER INVOKED BY: D:\soft_work\c51-keil\C51\BIN\C51.EXE main.c OPTIMIZE(8,SPEED) BROWSE DEBUG OBJECTEXTEND PRINT(.\Li
                    -stings\main.lst) TABS(2) OBJECT(.\Objects\main.obj)

line level    source

   1          #include <reg52.h>
   2          #include <intrins.h>
   3          
   4          typedef unsigned char u8;
   5          typedef unsigned int  u16;
   6          
   7          sbit LSA  =P2^2;
   8          sbit LSB  =P2^3;
   9          sbit LSC  =P2^4;
  10          
  11          u8 code smgduan[]= {0x3f,0x06,0x5b,0x4f,
  12                              0x66,0x6d,0x7d,0x07,
  13                              0x7f,0x6f,0x77,0x7c,
  14                              0x39,0x5e,0x79,0x71};
  15          void delay(u16 i){
  16   1        while(i--);
  17   1      }
  18            
  19          void main(){
  20   1        LSA = 0;
  21   1        LSB = 1;
  22   1        LSC = 1;
  23   1        while(1){
  24   2        P0 = smgduan[8];
  25   2        delay(50000);
  26   2        P0 = smgduan[7];
  27   2        }
  28   1      }


MODULE INFORMATION:   STATIC OVERLAYABLE
   CODE SIZE        =     40    ----
   CONSTANT SIZE    =     16    ----
   XDATA SIZE       =   ----    ----
   PDATA SIZE       =   ----    ----
   DATA SIZE        =   ----    ----
   IDATA SIZE       =   ----    ----
   BIT SIZE         =   ----    ----
END OF MODULE INFORMATION.


C51 COMPILATION COMPLETE.  0 WARNING(S),  0 ERROR(S)
