C51 COMPILER V9.59.0.0   MAIN                                                              05/10/2019 20:56:40 PAGE 1   


C51 COMPILER V9.59.0.0, COMPILATION OF MODULE MAIN
OBJECT MODULE PLACED IN .\Objects\main.obj
COMPILER INVOKED BY: D:\soft_work\c51-keil\C51\BIN\C51.EXE main.c OPTIMIZE(8,SPEED) BROWSE DEBUG OBJECTEXTEND PRINT(.\Li
                    -stings\main.lst) TABS(2) OBJECT(.\Objects\main.obj)

line level    source

   1          #include <reg52.h>
   2          #include <intrins.h>
   3          
   4          typedef unsigned char u8;
   5          typedef unsigned int  u16;
   6          
   7          sbit LSA  =P2^2;
   8          sbit LSB  =P2^3;
   9          sbit LSC  =P2^4;
  10          
  11          u8 code smgduan[]= {0x3f,0x06,0x5b,0x4f,
  12                              0x66,0x6d,0x7d,0x07,
  13                              0x7f,0x6f,0x77,0x7c,
  14                              0x39,0x5e,0x79,0x71};
  15          void delay(u16 i){
  16   1        while(i--);
  17   1      }
  18            
  19          void DigDisplay(){
  20   1        u8 i;
  21   1        for (i =0;i<8;i++){
  22   2          switch(i){
  23   3            case 0:{
  24   4              LSA = 0;
  25   4              LSB = 0;
  26   4              LSC = 0;
  27   4              break;
  28   4            }
  29   3            case 1:{
  30   4              LSA = 1;
  31   4              LSB = 0;
  32   4              LSC = 0;
  33   4              break;
  34   4            }
  35   3            case 2:{
  36   4              LSA = 0;
  37   4              LSB = 1;
  38   4              LSC = 0;
  39   4              break;
  40   4            }
  41   3            case 3:{
  42   4              LSA = 1;
  43   4              LSB = 1;
  44   4              LSC = 0;
  45   4              break;
  46   4            }
  47   3            case 4:{
  48   4              LSA = 0;
  49   4              LSB = 0;
  50   4              LSC = 1;
  51   4              break;
  52   4            }
  53   3            case 5:{
  54   4              LSA = 1;
C51 COMPILER V9.59.0.0   MAIN                                                              05/10/2019 20:56:40 PAGE 2   

  55   4              LSB = 0;
  56   4              LSC = 1;
  57   4              break;
  58   4            }
  59   3            case 6:{
  60   4              LSA = 0;
  61   4              LSB = 1;
  62   4              LSC = 1;
  63   4              break;
  64   4            }
  65   3            case 7:{
  66   4              LSA = 1;
  67   4              LSB = 1;
  68   4              LSC = 1;
  69   4              break;
  70   4            }
  71   3          }
  72   2          P0= smgduan[i];
  73   2          delay(2000);
  74   2          P0 = 0X00;
  75   2        }
  76   1      }
  77          void main(){
  78   1        while(1){
  79   2          DigDisplay();
  80   2        }
  81   1      }


MODULE INFORMATION:   STATIC OVERLAYABLE
   CODE SIZE        =    132    ----
   CONSTANT SIZE    =     16    ----
   XDATA SIZE       =   ----    ----
   PDATA SIZE       =   ----    ----
   DATA SIZE        =   ----    ----
   IDATA SIZE       =   ----    ----
   BIT SIZE         =   ----    ----
END OF MODULE INFORMATION.


C51 COMPILATION COMPLETE.  0 WARNING(S),  0 ERROR(S)
