C51 COMPILER V9.59.0.0   MAIN                                                              05/16/2019 18:24:04 PAGE 1   


C51 COMPILER V9.59.0.0, COMPILATION OF MODULE MAIN
OBJECT MODULE PLACED IN .\Objects\main.obj
COMPILER INVOKED BY: D:\soft_work\c51-keil\C51\BIN\C51.EXE main.c OPTIMIZE(8,SPEED) BROWSE DEBUG OBJECTEXTEND PRINT(.\Li
                    -stings\main.lst) TABS(2) OBJECT(.\Objects\main.obj)

line level    source

   1          #include <reg52.h>
   2          #include <intrins.h>
   3          
   4          typedef unsigned char u8;
   5          typedef unsigned int  u16;
   6          
   7          sbit led = P2^2;
   8          sbit sled= P2^1;
   9          sbit k3 =P3^2;
  10          sbit k4 =P3^3;
  11          
  12          void delay(u16 i){
  13   1        while(i--);
  14   1      }
  15          void Int1Init(){
  16   1        IT1 =1;
  17   1        EX1= 1;
  18   1        EA = 1;
  19   1      }
  20          void Int0Init(){
  21   1        IT0 =1;
  22   1        EX0= 1;
  23   1        EA = 1;
  24   1      }
  25            void main(){
  26   1        Int0Init();
  27   1        Int1Init();
  28   1        while(1);
  29   1          
  30   1      }
  31            
  32          void Int1() interrupt 2{
  33   1         delay(1000);
  34   1        if(k4==0){
  35   2          led= ~led;
  36   2        }
  37   1      }
  38            void Int0() interrupt 0{
  39   1         delay(1000);
  40   1        if(k3==0){
  41   2          sled= ~sled;
  42   2        }
  43   1      }


MODULE INFORMATION:   STATIC OVERLAYABLE
   CODE SIZE        =    105    ----
   CONSTANT SIZE    =   ----    ----
   XDATA SIZE       =   ----    ----
   PDATA SIZE       =   ----    ----
   DATA SIZE        =   ----    ----
   IDATA SIZE       =   ----    ----
   BIT SIZE         =   ----    ----
END OF MODULE INFORMATION.

C51 COMPILER V9.59.0.0   MAIN                                                              05/16/2019 18:24:04 PAGE 2   


C51 COMPILATION COMPLETE.  0 WARNING(S),  0 ERROR(S)
