C51 COMPILER V9.59.0.0   XPT2046                                                           06/18/2019 10:27:14 PAGE 1   


C51 COMPILER V9.59.0.0, COMPILATION OF MODULE XPT2046
OBJECT MODULE PLACED IN XPT2046.OBJ
COMPILER INVOKED BY: D:\soft_work\c51-keil\C51\BIN\C51.EXE XPT2046.c OPTIMIZE(8,SPEED) BROWSE DEBUG OBJECTEXTEND TABS(2)

line level    source

   1          #include"XPT2046.h"
   2          /****************************************************************************
   3          *函数名：TSPI_Start
   4          *输  入：无
   5          *输  出：无
   6          *功  能：初始化触摸SPI
   7          ****************************************************************************/
   8          
   9          void SPI_Start(void)
  10          {
  11   1        CLK = 0;
  12   1        CS  = 1;
  13   1        DIN = 1;
  14   1        CLK = 1;
  15   1        CS  = 0;    
  16   1      }
  17          /****************************************************************************
  18          *函数名：SPI_Write
  19          *输  入：dat：写入数据
  20          *输  出：无
  21          *功  能：使用SPI写入数据
  22          ****************************************************************************/
  23          
  24          void SPI_Write(uchar dat)
  25          {
  26   1        uchar i;
  27   1        CLK = 0;
  28   1        for(i=0; i<8; i++)
  29   1        {
  30   2          DIN = dat >> 7;   //放置最高位
  31   2          dat <<= 1;
  32   2          CLK = 0;      //上升沿放置数据
  33   2      
  34   2          CLK = 1;
  35   2      
  36   2        }
  37   1      }
  38          /****************************************************************************
  39          *函数名：SPI_Read
  40          *输  入：无
  41          *输  出：dat：读取 到的数据
  42          *功  能：使用SPI读取数据
  43          ****************************************************************************/
  44          
  45          uint SPI_Read(void)
  46          {
  47   1        uint i, dat=0;
  48   1        CLK = 0;
  49   1        for(i=0; i<12; i++)   //接收12位数据
  50   1        {
  51   2          dat <<= 1;
  52   2      
  53   2          CLK = 1;
  54   2          CLK = 0;
  55   2      
C51 COMPILER V9.59.0.0   XPT2046                                                           06/18/2019 10:27:14 PAGE 2   

  56   2          dat |= DOUT;
  57   2      
  58   2        }
  59   1        return dat; 
  60   1      }
  61          
  62          /****************************************************************************
  63          *函数名：Read_AD_Data
  64          *输  入：cmd：读取的X或者Y
  65          *输  出：endValue：最终信号处理后返回的值
  66          *功  能：读取触摸数据
  67          ****************************************************************************/
  68          uint Read_AD_Data(uchar cmd)
  69          {
  70   1        uchar i;
  71   1        uint AD_Value;
  72   1        CLK = 0;
  73   1        CS  = 0;
  74   1        SPI_Write(cmd);
  75   1        for(i=6; i>0; i--);   //延时等待转换结果
  76   1        CLK = 1;    //发送一个时钟周期，清除BUSY
  77   1        _nop_();
  78   1        _nop_();
  79   1        CLK = 0;
  80   1        _nop_();
  81   1        _nop_();
  82   1        AD_Value=SPI_Read();
  83   1        CS = 1;
  84   1        return AD_Value;  
  85   1      }


MODULE INFORMATION:   STATIC OVERLAYABLE
   CODE SIZE        =    120    ----
   CONSTANT SIZE    =   ----    ----
   XDATA SIZE       =   ----    ----
   PDATA SIZE       =   ----    ----
   DATA SIZE        =   ----    ----
   IDATA SIZE       =   ----    ----
   BIT SIZE         =   ----    ----
END OF MODULE INFORMATION.


C51 COMPILATION COMPLETE.  0 WARNING(S),  0 ERROR(S)
