C51 COMPILER V9.59.0.0   MAIN                                                              05/26/2019 17:38:21 PAGE 1   


C51 COMPILER V9.59.0.0, COMPILATION OF MODULE MAIN
OBJECT MODULE PLACED IN .\Objects\main.obj
COMPILER INVOKED BY: D:\soft_work\c51-keil\C51\BIN\C51.EXE main.c OPTIMIZE(8,SPEED) BROWSE DEBUG OBJECTEXTEND PRINT(.\Li
                    -stings\main.lst) TABS(2) OBJECT(.\Objects\main.obj)

line level    source

   1          #include <reg52.h> 
   2          #include <intrins.h>
   3          typedef unsigned char u8;
   4          typedef unsigned int u16;
   5          
   6          
   7          void UsartInit(){
   8   1            TMOD = 0x20;
   9   1            SCON = 0x50;
  10   1            TH1 = 0xF3;
  11   1            TL1 = TH1;
  12   1            PCON = 0x80;
  13   1            EA = 1;
  14   1            ES = 1;
  15   1            TR1 = 1;
  16   1           
  17   1      }
  18          
  19          void main(void){
  20   1        UsartInit();
  21   1        while(1);
  22   1        
  23   1        }
  24          
  25            
  26            void Usart() interrupt 4{
  27   1          u8 receiveData;
  28   1          receiveData = SBUF;
  29   1          RI =0;
  30   1          SBUF = ++receiveData;
  31   1          while (!TI);
  32   1          TI=0;
  33   1          
  34   1        }


MODULE INFORMATION:   STATIC OVERLAYABLE
   CODE SIZE        =     51    ----
   CONSTANT SIZE    =   ----    ----
   XDATA SIZE       =   ----    ----
   PDATA SIZE       =   ----    ----
   DATA SIZE        =   ----    ----
   IDATA SIZE       =   ----    ----
   BIT SIZE         =   ----    ----
END OF MODULE INFORMATION.


C51 COMPILATION COMPLETE.  0 WARNING(S),  0 ERROR(S)
