C51 COMPILER V9.01   LCD                                                                   08/03/2016 11:50:06 PAGE 1   


C51 COMPILER V9.01, COMPILATION OF MODULE LCD
OBJECT MODULE PLACED IN lcd.OBJ
COMPILER INVOKED BY: C:\Keil\C51\BIN\C51.EXE lcd.c BROWSE DEBUG OBJECTEXTEND TABS(2)

line level    source

   1          #include "lcd.h"
   2          
   3          /*******************************************************************************
   4          * 函 数 名         : Lcd1602_Delay1ms
   5          * 函数功能       : 延时函数，延时1ms
   6          * 输    入         : c
   7          * 输    出         : 无
   8          * 说    名         : 该函数是在12MHZ晶振下，12分频单片机的延时。
   9          *******************************************************************************/
  10          
  11          void Lcd1602_Delay1ms(uint c)   //误差 0us
  12          {
  13   1          uchar a,b;
  14   1        for (; c>0; c--)
  15   1        {
  16   2           for (b=199;b>0;b--)
  17   2           {
  18   3              for(a=1;a>0;a--);
  19   3           }      
  20   2        }
  21   1            
  22   1      }
  23          
  24          /*******************************************************************************
  25          * 函 数 名         : LcdWriteCom
  26          * 函数功能       : 向LCD写入一个字节的命令
  27          * 输    入         : com
  28          * 输    出         : 无
  29          *******************************************************************************/
  30          #ifndef   LCD1602_4PINS  //当没有定义这个LCD1602_4PINS时
              void LcdWriteCom(uchar com)   //写入命令
              {
                LCD1602_E = 0;     //使能
                LCD1602_RS = 0;    //选择发送命令
                LCD1602_RW = 0;    //选择写入
                
                LCD1602_DATAPINS = com;     //放入命令
                Lcd1602_Delay1ms(1);    //等待数据稳定
              
                LCD1602_E = 1;            //写入时序
                Lcd1602_Delay1ms(5);    //保持时间
                LCD1602_E = 0;
              }
              #else 
  45          void LcdWriteCom(uchar com)   //写入命令
  46          {
  47   1        LCD1602_E = 0;   //使能清零
  48   1        LCD1602_RS = 0;  //选择写入命令
  49   1        LCD1602_RW = 0;  //选择写入
  50   1      
  51   1        LCD1602_DATAPINS = com; //由于4位的接线是接到P0口的高四位，所以传送高四位不用改
  52   1        Lcd1602_Delay1ms(1);
  53   1      
  54   1        LCD1602_E = 1;   //写入时序
  55   1        Lcd1602_Delay1ms(5);
C51 COMPILER V9.01   LCD                                                                   08/03/2016 11:50:06 PAGE 2   

  56   1        LCD1602_E = 0;
  57   1      
  58   1        LCD1602_DATAPINS = com << 4; //发送低四位
  59   1        Lcd1602_Delay1ms(1);
  60   1      
  61   1        LCD1602_E = 1;   //写入时序
  62   1        Lcd1602_Delay1ms(5);
  63   1        LCD1602_E = 0;
  64   1      }
  65          #endif
  66          /*******************************************************************************
  67          * 函 数 名         : LcdWriteData
  68          * 函数功能       : 向LCD写入一个字节的数据
  69          * 输    入         : dat
  70          * 输    出         : 无
  71          *******************************************************************************/       
  72          #ifndef   LCD1602_4PINS      
              void LcdWriteData(uchar dat)      //写入数据
              {
                LCD1602_E = 0;  //使能清零
                LCD1602_RS = 1; //选择输入数据
                LCD1602_RW = 0; //选择写入
              
                LCD1602_DATAPINS = dat; //写入数据
                Lcd1602_Delay1ms(1);
              
                LCD1602_E = 1;   //写入时序
                Lcd1602_Delay1ms(5);   //保持时间
                LCD1602_E = 0;
              }
              #else
  87          void LcdWriteData(uchar dat)      //写入数据
  88          {
  89   1        LCD1602_E = 0;    //使能清零
  90   1        LCD1602_RS = 1;   //选择写入数据
  91   1        LCD1602_RW = 0;   //选择写入
  92   1      
  93   1        LCD1602_DATAPINS = dat; //由于4位的接线是接到P0口的高四位，所以传送高四位不用改
  94   1        Lcd1602_Delay1ms(1);
  95   1      
  96   1        LCD1602_E = 1;    //写入时序
  97   1        Lcd1602_Delay1ms(5);
  98   1        LCD1602_E = 0;
  99   1      
 100   1        LCD1602_DATAPINS = dat << 4; //写入低四位
 101   1        Lcd1602_Delay1ms(1);
 102   1      
 103   1        LCD1602_E = 1;    //写入时序
 104   1        Lcd1602_Delay1ms(5);
 105   1        LCD1602_E = 0;
 106   1      }
 107          #endif
 108          /*******************************************************************************
 109          * 函 数 名       : LcdInit()
 110          * 函数功能     : 初始化LCD屏
 111          * 输    入       : 无
 112          * 输    出       : 无
 113          *******************************************************************************/       
 114          #ifndef   LCD1602_4PINS
              void LcdInit()              //LCD初始化子程序
              {
                LcdWriteCom(0x38);  //开显示
C51 COMPILER V9.01   LCD                                                                   08/03/2016 11:50:06 PAGE 3   

                LcdWriteCom(0x0c);  //开显示不显示光标
                LcdWriteCom(0x06);  //写一个指针加1
                LcdWriteCom(0x01);  //清屏
                LcdWriteCom(0x80);  //设置数据指针起点
              }
              #else
 124          void LcdInit()              //LCD初始化子程序
 125          {
 126   1        LcdWriteCom(0x32);   //将8位总线转为4位总线
 127   1        LcdWriteCom(0x28);   //在四位线下的初始化
 128   1        LcdWriteCom(0x0c);  //开显示不显示光标
 129   1        LcdWriteCom(0x06);  //写一个指针加1
 130   1        LcdWriteCom(0x01);  //清屏
 131   1        LcdWriteCom(0x80);  //设置数据指针起点
 132   1      }
 133          #endif


MODULE INFORMATION:   STATIC OVERLAYABLE
   CODE SIZE        =    120    ----
   CONSTANT SIZE    =   ----    ----
   XDATA SIZE       =   ----    ----
   PDATA SIZE       =   ----    ----
   DATA SIZE        =   ----    ----
   IDATA SIZE       =   ----    ----
   BIT SIZE         =   ----    ----
END OF MODULE INFORMATION.


C51 COMPILATION COMPLETE.  0 WARNING(S),  0 ERROR(S)
