C51 COMPILER V9.01   MAIN                                                                  08/03/2016 11:50:05 PAGE 1   


C51 COMPILER V9.01, COMPILATION OF MODULE MAIN
OBJECT MODULE PLACED IN main.OBJ
COMPILER INVOKED BY: C:\Keil\C51\BIN\C51.EXE main.c BROWSE DEBUG OBJECTEXTEND TABS(2)

line level    source

   1          /**************************************************************************************
   2          *                 LCD1602液晶显示实验                         *
   3          实现现象：下载程序后插上LCD1602液晶在开发板上，即可显示
   4          注意事项：如果不想让点阵模块显示，可以将74HC595模块上的JP595短接片拔掉。                                          
   5          ***************************************************************************************/
   6          
   7          #include "reg52.h"       //此文件中定义了单片机的一些特殊功能寄存器
   8          #include "lcd.h"
   9          
  10          typedef unsigned int u16;   //对数据类型进行声明定义
  11          typedef unsigned char u8;
  12          
  13          u8 Disp[]=" Pechin Science ";
  14          
  15          /*******************************************************************************
  16          * 函 数 名         : main
  17          * 函数功能       : 主函数
  18          * 输    入         : 无
  19          * 输    出         : 无
  20          *******************************************************************************/
  21          void main(void)
  22          {
  23   1        u8 i;
  24   1        LcdInit();
  25   1        for(i=0;i<16;i++)
  26   1        {
  27   2          LcdWriteData(Disp[i]);  
  28   2        }
  29   1        while(1);       
  30   1      }


MODULE INFORMATION:   STATIC OVERLAYABLE
   CODE SIZE        =     27    ----
   CONSTANT SIZE    =   ----    ----
   XDATA SIZE       =   ----    ----
   PDATA SIZE       =   ----    ----
   DATA SIZE        =     17       1
   IDATA SIZE       =   ----    ----
   BIT SIZE         =   ----    ----
END OF MODULE INFORMATION.


C51 COMPILATION COMPLETE.  0 WARNING(S),  0 ERROR(S)
