C51 COMPILER V9.59.0.0   MAIN                                                              05/13/2019 22:01:06 PAGE 1   


C51 COMPILER V9.59.0.0, COMPILATION OF MODULE MAIN
OBJECT MODULE PLACED IN .\Objects\main.obj
COMPILER INVOKED BY: D:\soft_work\c51-keil\C51\BIN\C51.EXE main.c OPTIMIZE(8,SPEED) BROWSE DEBUG OBJECTEXTEND PRINT(.\Li
                    -stings\main.lst) TABS(2) OBJECT(.\Objects\main.obj)

line level    source

   1          /**************************************************************************************
   2          *                 8*8LED??———???????                          *
   3          ????:????????????????
   4                
   5          ????:????74HC595????JP595?????,???JOE??????GND??                                          
   6          ***************************************************************************************/
   7          
   8          #include "reg51.h"       //????????????????????
   9          #include<intrins.h>
  10          
  11          typedef unsigned int u16;   //???????????
  12          typedef unsigned char u8;
  13          
  14          sbit SRCLK=P3^6;
  15          sbit RCLK=P3^5;
  16          sbit SER=P3^4;
  17          
  18          
  19          /*******************************************************************************
  20          * ???         : Hc595SendByte(u8 dat)
  21          * ????       : ?74HC595?????????
  22          * ??           : ?
  23          * ??           : ?
  24          *******************************************************************************/
  25          void Hc595SendByte(u8 dat)
  26          {
  27   1        u8 a;
  28   1        SRCLK=0;
  29   1        RCLK=0;
  30   1        for(a=0;a<8;a++)
  31   1        {
  32   2          SER=dat>>7;
  33   2          dat<<=1;
  34   2      
  35   2          SRCLK=1;
  36   2          _nop_();
  37   2          _nop_();
  38   2          SRCLK=0;  
  39   2        }
  40   1      
  41   1        RCLK=1;
  42   1        _nop_();
  43   1        _nop_();
  44   1        RCLK=0;
  45   1      }
  46          
  47          /*******************************************************************************
  48          * ? ? ?       : main
  49          * ????     : ???
  50          * ?    ?       : ?
  51          * ?    ?       : ?
  52          *******************************************************************************/
  53          void main()
  54          {   
C51 COMPILER V9.59.0.0   MAIN                                                              05/13/2019 22:01:06 PAGE 2   

  55   1        
  56   1        while(1)
  57   1        {
  58   2          Hc595SendByte(0x80);
  59   2          P0=0x7f;  
  60   2        }   
  61   1      }


MODULE INFORMATION:   STATIC OVERLAYABLE
   CODE SIZE        =     57    ----
   CONSTANT SIZE    =   ----    ----
   XDATA SIZE       =   ----    ----
   PDATA SIZE       =   ----    ----
   DATA SIZE        =   ----    ----
   IDATA SIZE       =   ----    ----
   BIT SIZE         =   ----    ----
END OF MODULE INFORMATION.


C51 COMPILATION COMPLETE.  0 WARNING(S),  0 ERROR(S)
