C51 COMPILER V9.59.0.0   MAIN                                                              05/07/2019 11:06:36 PAGE 1   


C51 COMPILER V9.59.0.0, COMPILATION OF MODULE MAIN
OBJECT MODULE PLACED IN .\Objects\main.obj
COMPILER INVOKED BY: D:\soft_work\keil\C51\BIN\C51.EXE main.c OPTIMIZE(8,SPEED) BROWSE DEBUG OBJECTEXTEND PRINT(.\Listin
                    -gs\main.lst) TABS(2) OBJECT(.\Objects\main.obj)

line level    source

   1          #include <reg52.h> 
   2          #include <intrins.h>
   3          typedef unsigned char u8;
   4          typedef unsigned int u16;
   5          #define led P2
   6          sbit beep = P1^5;
   7          
   8          void delay(u16 i){
   9   1        while(i--);
  10   1      }
  11          void main(void){
  12   1         while(1){
  13   2           beep = ~beep;
  14   2           delay(500);
  15   2         }     
  16   1      }


MODULE INFORMATION:   STATIC OVERLAYABLE
   CODE SIZE        =     22    ----
   CONSTANT SIZE    =   ----    ----
   XDATA SIZE       =   ----    ----
   PDATA SIZE       =   ----    ----
   DATA SIZE        =   ----    ----
   IDATA SIZE       =   ----    ----
   BIT SIZE         =   ----    ----
END OF MODULE INFORMATION.


C51 COMPILATION COMPLETE.  0 WARNING(S),  0 ERROR(S)
